<?xml version="1.0" encoding="UTF-8"?>
<!-- Generated by org.testng.reporters.JUnitReportReporter -->
<testsuite skipped="0" hostname="HYD-LAP-00357" name="FunctionalTesting.PostrequestAutomation" tests="1" failures="0" timestamp="31 Dec 2020 05:23:07 GMT" time="2.606" errors="0">
  <testcase name="test" time="2.606" classname="FunctionalTesting.PostrequestAutomation"/>
</testsuite> <!-- FunctionalTesting.PostrequestAutomation -->
