<?xml version="1.0" encoding="UTF-8"?>
<!-- Generated by org.testng.reporters.JUnitReportReporter -->
<testsuite skipped="0" hostname="HYD-LAP-00357" name="FunctionalTesting.GetrequestAutomation" tests="1" failures="0" timestamp="04 Jan 2021 13:22:36 GMT" time="4.337" errors="0">
  <testcase name="test" time="4.337" classname="FunctionalTesting.GetrequestAutomation"/>
</testsuite> <!-- FunctionalTesting.GetrequestAutomation -->
