<?xml version="1.0" encoding="UTF-8"?>
<!-- Generated by org.testng.reporters.JUnitReportReporter -->
<testsuite skipped="0" hostname="HYD-LAP-00357" name="FunctionalTesting.PutrequestAutomation" tests="3" failures="0" timestamp="04 Jan 2021 13:23:07 GMT" time="4.496" errors="0">
  <testcase name="test" time="3.195" classname="FunctionalTesting.PutrequestAutomation"/>
  <testcase name="test_delete" time="0.721" classname="FunctionalTesting.PutrequestAutomation"/>
  <testcase name="test_patch" time="0.580" classname="FunctionalTesting.PutrequestAutomation"/>
</testsuite> <!-- FunctionalTesting.PutrequestAutomation -->
